Arguments: 
  /home/gitpod/.nvm/versions/node/v18.18.0/bin/node /home/gitpod/.nvm/versions/node/v18.18.0/bin/yarn run dev

PATH: 
  /home/gitpod/.sdkman/candidates/maven/current/bin:/home/gitpod/.sdkman/candidates/java/current/bin:/home/gitpod/.sdkman/candidates/gradle/current/bin:/workspace/.cargo/bin:/home/gitpod/.rvm/gems/ruby-3.2.2/bin:/home/gitpod/.rvm/gems/ruby-3.2.2@global/bin:/home/gitpod/.rvm/rubies/ruby-3.2.2/bin:/home/gitpod/.pyenv/shims:/workspace/go/bin:/home/gitpod/.nix-profile/bin:/ide/bin/remote-cli:/home/gitpod/go/bin:/home/gitpod/go-packages/bin:/home/gitpod/.nvm/versions/node/v18.18.0/bin:/home/gitpod/.yarn/bin:/home/gitpod/.pnpm:/home/gitpod/.pyenv/bin:/home/gitpod/.rvm/bin:/home/gitpod/.cargo/bin:/home/linuxbrew/.linuxbrew/bin:/home/linuxbrew/.linuxbrew/sbin/:/home/gitpod/.local/bin:/usr/games:/usr/local/sbin:/usr/local/bin:/usr/sbin:/usr/bin:/sbin:/bin:/home/gitpod/.nvm/versions/node/v18.18.0/bin:/home/gitpod/.rvm/bin

Yarn version: 
  1.22.19

Node version: 
  18.18.0

Platform: 
  linux x64

Trace: 
  Error: Failed to replace env in config: ${GITHUB_TOKEN}
      at /home/gitpod/.nvm/versions/node/v18.18.0/lib/node_modules/yarn/lib/cli.js:94933:13
      at String.replace (<anonymous>)
      at envReplace (/home/gitpod/.nvm/versions/node/v18.18.0/lib/node_modules/yarn/lib/cli.js:94928:16)
      at Function.normalizeConfig (/home/gitpod/.nvm/versions/node/v18.18.0/lib/node_modules/yarn/lib/cli.js:31938:69)
      at NpmRegistry.<anonymous> (/home/gitpod/.nvm/versions/node/v18.18.0/lib/node_modules/yarn/lib/cli.js:31968:34)
      at Generator.next (<anonymous>)
      at step (/home/gitpod/.nvm/versions/node/v18.18.0/lib/node_modules/yarn/lib/cli.js:310:30)
      at /home/gitpod/.nvm/versions/node/v18.18.0/lib/node_modules/yarn/lib/cli.js:321:13

npm manifest: 
  {
    "name": "@lunchboxfi/sdk",
    "private": false,
    "version": "0.1.16",
    "type": "module",
    "main": "./dist/cjs/index.js",
    "module": "./dist/esm/index.js",
    "files": [
      "lib/"
    ],
    "publishConfig": {
      "@ozodimgba": "https://npm.pkg.github.com"
    },
    "scripts": {
      "dev": "ts-node --experimental-specifier-resolution=node ./batch.ts ",
      "tsc": "tsc -p tsconfig.json && tsc -p tsconfig-cjs.json",
      "generate": "yarn solita",
      "ts": "tsc --noEmit",
      "prepare:canary": "yarn build && npm version --prerelease --preid=canary",
      "transt": "ts-node --experimental-specifier-resolution=node ./transfer.ts ",
      "vault": "ts-node --experimental-specifier-resolution=node ./vault.ts ",
      "execute": "node --experimental-specifier-resolution=node --no-warnings ./lib/main.js",
      "bonus": "node --experimental-specifier-resolution=node --no-warnings ./lib/bonus.js > aep.txt",
      "test": "ts-mocha -p tsconfig.json -t 1000000  ./sdk.ts",
      "prepublishOnly": "npm run tsc",
      "postinstall": "patch-package"
    },
    "devDependencies": {
      "ts-node": "^10.9.1",
      "typescript": "^5.0.2"
    },
    "dependencies": {
      "@solana/web3.js": "1.70.3",
      "@sqds/multisig": "^1.10.0",
      "@sqds/sdk": "^2.0.4",
      "@types/chai": "^4.3.6",
      "@types/mocha": "^10.0.2",
      "big-integer": "^1.6.51",
      "bn.js": "^5.2.1",
      "bs58": "^5.0.0",
      "chai": "^4.3.10",
      "chalk": "^5.3.0",
      "install": "^0.13.0",
      "latest": "^0.2.0",
      "microbundle": "^0.15.1",
      "mocha": "^10.2.0",
      "patch-package": "^8.0.0",
      "ts-mocha": "^10.0.0"
    },
    "description": "The developer kit for the lunchbox protocol on solana",
    "directories": {
      "lib": "lib"
    },
    "repository": {
      "type": "git",
      "url": "git+https://github.com/LunchboxFi/guards.git"
    },
    "author": "Ozodimgba",
    "license": "ISC",
    "bugs": {
      "url": "https://github.com/LunchboxFi/guards/issues"
    },
    "homepage": "https://github.com/LunchboxFi/guards#readme"
  }

yarn manifest: 
  No manifest

Lockfile: 
  
